Performing C SOURCE FILE Test CMAKE_HAVE_LIBC_PTHREAD failed with the following output:
Change Dir: /home/marina/Desktop/Faculdade/2 ano/labprog/exercicios21/trabalho/progp1/cmake-build-debug/CMakeFiles/CMakeTmp

Run Build Command(s):/snap/clion/177/bin/ninja/linux/ninja cmTC_7e96c && [1/2] Building C object CMakeFiles/cmTC_7e96c.dir/src.c.o
[2/2] Linking C executable cmTC_7e96c
FAILED: cmTC_7e96c 
: && /usr/bin/cc   CMakeFiles/cmTC_7e96c.dir/src.c.o -o cmTC_7e96c   && :
CMakeFiles/cmTC_7e96c.dir/src.c.o: na função `main':
src.c:(.text+0x3e): referência indefinida a `pthread_create'
src.c:(.text+0x4a): referência indefinida a `pthread_detach'
src.c:(.text+0x56): referência indefinida a `pthread_cancel'
src.c:(.text+0x67): referência indefinida a `pthread_join'
src.c:(.text+0x7b): referência indefinida a `pthread_atfork'
collect2: error: ld returned 1 exit status
ninja: build stopped: subcommand failed.


Source file was:
#include <pthread.h>

static void* test_func(void* data)
{
  return data;
}

int main(void)
{
  pthread_t thread;
  pthread_create(&thread, NULL, test_func, NULL);
  pthread_detach(thread);
  pthread_cancel(thread);
  pthread_join(thread, NULL);
  pthread_atfork(NULL, NULL, NULL);
  pthread_exit(NULL);

  return 0;
}

Determining if the function pthread_create exists in the pthreads failed with the following output:
Change Dir: /home/marina/Desktop/Faculdade/2 ano/labprog/exercicios21/trabalho/progp1/cmake-build-debug/CMakeFiles/CMakeTmp

Run Build Command(s):/snap/clion/177/bin/ninja/linux/ninja cmTC_b241a && [1/2] Building C object CMakeFiles/cmTC_b241a.dir/CheckFunctionExists.c.o
[2/2] Linking C executable cmTC_b241a
FAILED: cmTC_b241a 
: && /usr/bin/cc -DCHECK_FUNCTION_EXISTS=pthread_create  CMakeFiles/cmTC_b241a.dir/CheckFunctionExists.c.o -o cmTC_b241a  -lpthreads && :
/usr/bin/ld: não foi possível localizar -lpthreads
collect2: error: ld returned 1 exit status
ninja: build stopped: subcommand failed.



